Mensaje I / 00:00:00:000 / Root(00) para top(01)
Mensaje I / 00:00:00:000 / top(01) para rng(02)
Mensaje I / 00:00:00:000 / rng(02) para rng(0,0)(03)
Mensaje I / 00:00:00:000 / rng(02) para rng(0,1)(04)
Mensaje I / 00:00:00:000 / rng(02) para rng(0,2)(05)
Mensaje I / 00:00:00:000 / rng(02) para rng(0,3)(06)
Mensaje I / 00:00:00:000 / rng(02) para rng(0,4)(07)
Mensaje I / 00:00:00:000 / rng(02) para rng(0,5)(08)
Mensaje I / 00:00:00:000 / rng(02) para rng(0,6)(09)
Mensaje I / 00:00:00:000 / rng(02) para rng(0,7)(10)
Mensaje I / 00:00:00:000 / rng(02) para rng(1,0)(11)
Mensaje I / 00:00:00:000 / rng(02) para rng(1,1)(12)
Mensaje I / 00:00:00:000 / rng(02) para rng(1,2)(13)
Mensaje I / 00:00:00:000 / rng(02) para rng(1,3)(14)
Mensaje I / 00:00:00:000 / rng(02) para rng(1,4)(15)
Mensaje I / 00:00:00:000 / rng(02) para rng(1,5)(16)
Mensaje I / 00:00:00:000 / rng(02) para rng(1,6)(17)
Mensaje I / 00:00:00:000 / rng(02) para rng(1,7)(18)
Mensaje I / 00:00:00:000 / rng(02) para rng(2,0)(19)
Mensaje I / 00:00:00:000 / rng(02) para rng(2,1)(20)
Mensaje I / 00:00:00:000 / rng(02) para rng(2,2)(21)
Mensaje I / 00:00:00:000 / rng(02) para rng(2,3)(22)
Mensaje I / 00:00:00:000 / rng(02) para rng(2,4)(23)
Mensaje I / 00:00:00:000 / rng(02) para rng(2,5)(24)
Mensaje I / 00:00:00:000 / rng(02) para rng(2,6)(25)
Mensaje I / 00:00:00:000 / rng(02) para rng(2,7)(26)
Mensaje I / 00:00:00:000 / rng(02) para rng(3,0)(27)
Mensaje I / 00:00:00:000 / rng(02) para rng(3,1)(28)
Mensaje I / 00:00:00:000 / rng(02) para rng(3,2)(29)
Mensaje I / 00:00:00:000 / rng(02) para rng(3,3)(30)
Mensaje I / 00:00:00:000 / rng(02) para rng(3,4)(31)
Mensaje I / 00:00:00:000 / rng(02) para rng(3,5)(32)
Mensaje I / 00:00:00:000 / rng(02) para rng(3,6)(33)
Mensaje I / 00:00:00:000 / rng(02) para rng(3,7)(34)
Mensaje I / 00:00:00:000 / rng(02) para rng(4,0)(35)
Mensaje I / 00:00:00:000 / rng(02) para rng(4,1)(36)
Mensaje I / 00:00:00:000 / rng(02) para rng(4,2)(37)
Mensaje I / 00:00:00:000 / rng(02) para rng(4,3)(38)
Mensaje I / 00:00:00:000 / rng(02) para rng(4,4)(39)
Mensaje I / 00:00:00:000 / rng(02) para rng(4,5)(40)
Mensaje I / 00:00:00:000 / rng(02) para rng(4,6)(41)
Mensaje I / 00:00:00:000 / rng(02) para rng(4,7)(42)
Mensaje I / 00:00:00:000 / rng(02) para rng(5,0)(43)
Mensaje I / 00:00:00:000 / rng(02) para rng(5,1)(44)
Mensaje I / 00:00:00:000 / rng(02) para rng(5,2)(45)
Mensaje I / 00:00:00:000 / rng(02) para rng(5,3)(46)
Mensaje I / 00:00:00:000 / rng(02) para rng(5,4)(47)
Mensaje I / 00:00:00:000 / rng(02) para rng(5,5)(48)
Mensaje I / 00:00:00:000 / rng(02) para rng(5,6)(49)
Mensaje I / 00:00:00:000 / rng(02) para rng(5,7)(50)
Mensaje I / 00:00:00:000 / rng(02) para rng(6,0)(51)
Mensaje I / 00:00:00:000 / rng(02) para rng(6,1)(52)
Mensaje I / 00:00:00:000 / rng(02) para rng(6,2)(53)
Mensaje I / 00:00:00:000 / rng(02) para rng(6,3)(54)
Mensaje I / 00:00:00:000 / rng(02) para rng(6,4)(55)
Mensaje I / 00:00:00:000 / rng(02) para rng(6,5)(56)
Mensaje I / 00:00:00:000 / rng(02) para rng(6,6)(57)
Mensaje I / 00:00:00:000 / rng(02) para rng(6,7)(58)
Mensaje I / 00:00:00:000 / rng(02) para rng(7,0)(59)
Mensaje I / 00:00:00:000 / rng(02) para rng(7,1)(60)
Mensaje I / 00:00:00:000 / rng(02) para rng(7,2)(61)
Mensaje I / 00:00:00:000 / rng(02) para rng(7,3)(62)
Mensaje I / 00:00:00:000 / rng(02) para rng(7,4)(63)
Mensaje I / 00:00:00:000 / rng(02) para rng(7,5)(64)
Mensaje I / 00:00:00:000 / rng(02) para rng(7,6)(65)
Mensaje I / 00:00:00:000 / rng(02) para rng(7,7)(66)
Mensaje D / 00:00:00:000 / rng(0,0)(03) / 00:00:00:100 para rng(02)
Mensaje D / 00:00:00:000 / rng(0,1)(04) / 00:00:00:100 para rng(02)
Mensaje D / 00:00:00:000 / rng(0,2)(05) / ... para rng(02)
Mensaje D / 00:00:00:000 / rng(0,3)(06) / ... para rng(02)
Mensaje D / 00:00:00:000 / rng(0,4)(07) / ... para rng(02)
Mensaje D / 00:00:00:000 / rng(0,5)(08) / 00:00:00:100 para rng(02)
Mensaje D / 00:00:00:000 / rng(0,6)(09) / 00:00:00:100 para rng(02)
Mensaje D / 00:00:00:000 / rng(0,7)(10) / 00:00:00:100 para rng(02)
Mensaje D / 00:00:00:000 / rng(1,0)(11) / 00:00:00:100 para rng(02)
Mensaje D / 00:00:00:000 / rng(1,1)(12) / 00:00:00:100 para rng(02)
Mensaje D / 00:00:00:000 / rng(1,2)(13) / 00:00:00:100 para rng(02)
Mensaje D / 00:00:00:000 / rng(1,3)(14) / ... para rng(02)
Mensaje D / 00:00:00:000 / rng(1,4)(15) / 00:00:00:100 para rng(02)
Mensaje D / 00:00:00:000 / rng(1,5)(16) / 00:00:00:100 para rng(02)
Mensaje D / 00:00:00:000 / rng(1,6)(17) / 00:00:00:100 para rng(02)
Mensaje D / 00:00:00:000 / rng(1,7)(18) / 00:00:00:100 para rng(02)
Mensaje D / 00:00:00:000 / rng(2,0)(19) / 00:00:00:100 para rng(02)
Mensaje D / 00:00:00:000 / rng(2,1)(20) / 00:00:00:100 para rng(02)
Mensaje D / 00:00:00:000 / rng(2,2)(21) / 00:00:00:100 para rng(02)
Mensaje D / 00:00:00:000 / rng(2,3)(22) / 00:00:00:100 para rng(02)
Mensaje D / 00:00:00:000 / rng(2,4)(23) / 00:00:00:100 para rng(02)
Mensaje D / 00:00:00:000 / rng(2,5)(24) / 00:00:00:100 para rng(02)
Mensaje D / 00:00:00:000 / rng(2,6)(25) / 00:00:00:100 para rng(02)
Mensaje D / 00:00:00:000 / rng(2,7)(26) / 00:00:00:100 para rng(02)
Mensaje D / 00:00:00:000 / rng(3,0)(27) / 00:00:00:100 para rng(02)
Mensaje D / 00:00:00:000 / rng(3,1)(28) / 00:00:00:100 para rng(02)
Mensaje D / 00:00:00:000 / rng(3,2)(29) / 00:00:00:100 para rng(02)
Mensaje D / 00:00:00:000 / rng(3,3)(30) / 00:00:00:100 para rng(02)
Mensaje D / 00:00:00:000 / rng(3,4)(31) / 00:00:00:100 para rng(02)
Mensaje D / 00:00:00:000 / rng(3,5)(32) / 00:00:00:100 para rng(02)
Mensaje D / 00:00:00:000 / rng(3,6)(33) / 00:00:00:100 para rng(02)
Mensaje D / 00:00:00:000 / rng(3,7)(34) / 00:00:00:100 para rng(02)
Mensaje D / 00:00:00:000 / rng(4,0)(35) / 00:00:00:100 para rng(02)
Mensaje D / 00:00:00:000 / rng(4,1)(36) / 00:00:00:100 para rng(02)
Mensaje D / 00:00:00:000 / rng(4,2)(37) / 00:00:00:100 para rng(02)
Mensaje D / 00:00:00:000 / rng(4,3)(38) / 00:00:00:100 para rng(02)
Mensaje D / 00:00:00:000 / rng(4,4)(39) / 00:00:00:100 para rng(02)
Mensaje D / 00:00:00:000 / rng(4,5)(40) / 00:00:00:100 para rng(02)
Mensaje D / 00:00:00:000 / rng(4,6)(41) / 00:00:00:100 para rng(02)
Mensaje D / 00:00:00:000 / rng(4,7)(42) / 00:00:00:100 para rng(02)
Mensaje D / 00:00:00:000 / rng(5,0)(43) / 00:00:00:100 para rng(02)
Mensaje D / 00:00:00:000 / rng(5,1)(44) / 00:00:00:100 para rng(02)
Mensaje D / 00:00:00:000 / rng(5,2)(45) / 00:00:00:100 para rng(02)
Mensaje D / 00:00:00:000 / rng(5,3)(46) / 00:00:00:100 para rng(02)
Mensaje D / 00:00:00:000 / rng(5,4)(47) / 00:00:00:100 para rng(02)
Mensaje D / 00:00:00:000 / rng(5,5)(48) / 00:00:00:100 para rng(02)
Mensaje D / 00:00:00:000 / rng(5,6)(49) / 00:00:00:100 para rng(02)
Mensaje D / 00:00:00:000 / rng(5,7)(50) / 00:00:00:100 para rng(02)
Mensaje D / 00:00:00:000 / rng(6,0)(51) / 00:00:00:100 para rng(02)
Mensaje D / 00:00:00:000 / rng(6,1)(52) / 00:00:00:100 para rng(02)
Mensaje D / 00:00:00:000 / rng(6,2)(53) / 00:00:00:100 para rng(02)
Mensaje D / 00:00:00:000 / rng(6,3)(54) / 00:00:00:100 para rng(02)
Mensaje D / 00:00:00:000 / rng(6,4)(55) / 00:00:00:100 para rng(02)
Mensaje D / 00:00:00:000 / rng(6,5)(56) / 00:00:00:100 para rng(02)
Mensaje D / 00:00:00:000 / rng(6,6)(57) / 00:00:00:100 para rng(02)
Mensaje D / 00:00:00:000 / rng(6,7)(58) / 00:00:00:100 para rng(02)
Mensaje D / 00:00:00:000 / rng(7,0)(59) / 00:00:00:100 para rng(02)
Mensaje D / 00:00:00:000 / rng(7,1)(60) / 00:00:00:100 para rng(02)
Mensaje D / 00:00:00:000 / rng(7,2)(61) / 00:00:00:100 para rng(02)
Mensaje D / 00:00:00:000 / rng(7,3)(62) / ... para rng(02)
Mensaje D / 00:00:00:000 / rng(7,4)(63) / 00:00:00:100 para rng(02)
Mensaje D / 00:00:00:000 / rng(7,5)(64) / 00:00:00:100 para rng(02)
Mensaje D / 00:00:00:000 / rng(7,6)(65) / 00:00:00:100 para rng(02)
Mensaje D / 00:00:00:000 / rng(7,7)(66) / 00:00:00:100 para rng(02)
Mensaje D / 00:00:00:000 / rng(02) / 00:00:00:100 para top(01)
Mensaje D / 00:00:00:000 / top(01) / 00:00:00:100 para Root(00)
Mensaje * / 00:00:00:100 / Root(00) para top(01)
Mensaje * / 00:00:00:100 / top(01) para rng(02)
Mensaje * / 00:00:00:100 / rng(02) para rng(0,0)(03)
Mensaje * / 00:00:00:100 / rng(02) para rng(0,1)(04)
Mensaje * / 00:00:00:100 / rng(02) para rng(0,5)(08)
Mensaje * / 00:00:00:100 / rng(02) para rng(0,6)(09)
Mensaje * / 00:00:00:100 / rng(02) para rng(0,7)(10)
Mensaje * / 00:00:00:100 / rng(02) para rng(1,0)(11)
Mensaje * / 00:00:00:100 / rng(02) para rng(1,1)(12)
Mensaje * / 00:00:00:100 / rng(02) para rng(1,2)(13)
Mensaje * / 00:00:00:100 / rng(02) para rng(1,4)(15)
Mensaje * / 00:00:00:100 / rng(02) para rng(1,5)(16)
Mensaje * / 00:00:00:100 / rng(02) para rng(1,6)(17)
Mensaje * / 00:00:00:100 / rng(02) para rng(1,7)(18)
Mensaje * / 00:00:00:100 / rng(02) para rng(2,0)(19)
Mensaje * / 00:00:00:100 / rng(02) para rng(2,1)(20)
Mensaje * / 00:00:00:100 / rng(02) para rng(2,2)(21)
Mensaje * / 00:00:00:100 / rng(02) para rng(2,3)(22)
Mensaje * / 00:00:00:100 / rng(02) para rng(2,4)(23)
Mensaje * / 00:00:00:100 / rng(02) para rng(2,5)(24)
Mensaje * / 00:00:00:100 / rng(02) para rng(2,6)(25)
Mensaje * / 00:00:00:100 / rng(02) para rng(2,7)(26)
Mensaje * / 00:00:00:100 / rng(02) para rng(3,0)(27)
Mensaje * / 00:00:00:100 / rng(02) para rng(3,1)(28)
Mensaje * / 00:00:00:100 / rng(02) para rng(3,2)(29)
Mensaje * / 00:00:00:100 / rng(02) para rng(3,3)(30)
Mensaje * / 00:00:00:100 / rng(02) para rng(3,4)(31)
Mensaje * / 00:00:00:100 / rng(02) para rng(3,5)(32)
Mensaje * / 00:00:00:100 / rng(02) para rng(3,6)(33)
Mensaje * / 00:00:00:100 / rng(02) para rng(3,7)(34)
Mensaje * / 00:00:00:100 / rng(02) para rng(4,0)(35)
Mensaje * / 00:00:00:100 / rng(02) para rng(4,1)(36)
Mensaje * / 00:00:00:100 / rng(02) para rng(4,2)(37)
Mensaje * / 00:00:00:100 / rng(02) para rng(4,3)(38)
Mensaje * / 00:00:00:100 / rng(02) para rng(4,4)(39)
Mensaje * / 00:00:00:100 / rng(02) para rng(4,5)(40)
Mensaje * / 00:00:00:100 / rng(02) para rng(4,6)(41)
Mensaje * / 00:00:00:100 / rng(02) para rng(4,7)(42)
Mensaje * / 00:00:00:100 / rng(02) para rng(5,0)(43)
Mensaje * / 00:00:00:100 / rng(02) para rng(5,1)(44)
Mensaje * / 00:00:00:100 / rng(02) para rng(5,2)(45)
Mensaje * / 00:00:00:100 / rng(02) para rng(5,3)(46)
Mensaje * / 00:00:00:100 / rng(02) para rng(5,4)(47)
Mensaje * / 00:00:00:100 / rng(02) para rng(5,5)(48)
Mensaje * / 00:00:00:100 / rng(02) para rng(5,6)(49)
Mensaje * / 00:00:00:100 / rng(02) para rng(5,7)(50)
Mensaje * / 00:00:00:100 / rng(02) para rng(6,0)(51)
Mensaje * / 00:00:00:100 / rng(02) para rng(6,1)(52)
Mensaje * / 00:00:00:100 / rng(02) para rng(6,2)(53)
Mensaje * / 00:00:00:100 / rng(02) para rng(6,3)(54)
Mensaje * / 00:00:00:100 / rng(02) para rng(6,4)(55)
Mensaje * / 00:00:00:100 / rng(02) para rng(6,5)(56)
Mensaje * / 00:00:00:100 / rng(02) para rng(6,6)(57)
Mensaje * / 00:00:00:100 / rng(02) para rng(6,7)(58)
Mensaje * / 00:00:00:100 / rng(02) para rng(7,0)(59)
Mensaje * / 00:00:00:100 / rng(02) para rng(7,1)(60)
Mensaje * / 00:00:00:100 / rng(02) para rng(7,2)(61)
Mensaje * / 00:00:00:100 / rng(02) para rng(7,4)(63)
Mensaje * / 00:00:00:100 / rng(02) para rng(7,5)(64)
Mensaje * / 00:00:00:100 / rng(02) para rng(7,6)(65)
Mensaje * / 00:00:00:100 / rng(02) para rng(7,7)(66)
Mensaje Y / 00:00:00:100 / rng(0,0)(03) / out /      1.00000 para rng(02)
Mensaje D / 00:00:00:100 / rng(0,0)(03) / ... para rng(02)
Mensaje Y / 00:00:00:100 / rng(0,1)(04) / out /      1.00000 para rng(02)
Mensaje D / 00:00:00:100 / rng(0,1)(04) / ... para rng(02)
Mensaje Y / 00:00:00:100 / rng(0,5)(08) / out /      1.00000 para rng(02)
Mensaje D / 00:00:00:100 / rng(0,5)(08) / ... para rng(02)
Mensaje Y / 00:00:00:100 / rng(0,6)(09) / out /      1.00000 para rng(02)
Mensaje D / 00:00:00:100 / rng(0,6)(09) / ... para rng(02)
Mensaje Y / 00:00:00:100 / rng(0,7)(10) / out /      1.00000 para rng(02)
Mensaje D / 00:00:00:100 / rng(0,7)(10) / ... para rng(02)
Mensaje Y / 00:00:00:100 / rng(1,0)(11) / out /      1.00000 para rng(02)
Mensaje D / 00:00:00:100 / rng(1,0)(11) / ... para rng(02)
Mensaje Y / 00:00:00:100 / rng(1,1)(12) / out /      1.00000 para rng(02)
Mensaje D / 00:00:00:100 / rng(1,1)(12) / ... para rng(02)
Mensaje Y / 00:00:00:100 / rng(1,2)(13) / out /      1.00000 para rng(02)
Mensaje D / 00:00:00:100 / rng(1,2)(13) / ... para rng(02)
Mensaje Y / 00:00:00:100 / rng(1,4)(15) / out /      1.00000 para rng(02)
Mensaje D / 00:00:00:100 / rng(1,4)(15) / ... para rng(02)
Mensaje Y / 00:00:00:100 / rng(1,5)(16) / out /      1.00000 para rng(02)
Mensaje D / 00:00:00:100 / rng(1,5)(16) / ... para rng(02)
Mensaje Y / 00:00:00:100 / rng(1,6)(17) / out /      1.00000 para rng(02)
Mensaje D / 00:00:00:100 / rng(1,6)(17) / ... para rng(02)
Mensaje Y / 00:00:00:100 / rng(1,7)(18) / out /      1.00000 para rng(02)
Mensaje D / 00:00:00:100 / rng(1,7)(18) / ... para rng(02)
Mensaje Y / 00:00:00:100 / rng(2,0)(19) / out /      1.00000 para rng(02)
Mensaje D / 00:00:00:100 / rng(2,0)(19) / ... para rng(02)
Mensaje Y / 00:00:00:100 / rng(2,1)(20) / out /      1.00000 para rng(02)
Mensaje D / 00:00:00:100 / rng(2,1)(20) / ... para rng(02)
Mensaje Y / 00:00:00:100 / rng(2,2)(21) / out /      1.00000 para rng(02)
Mensaje D / 00:00:00:100 / rng(2,2)(21) / ... para rng(02)
Mensaje Y / 00:00:00:100 / rng(2,3)(22) / out /      1.00000 para rng(02)
Mensaje D / 00:00:00:100 / rng(2,3)(22) / ... para rng(02)
Mensaje Y / 00:00:00:100 / rng(2,4)(23) / out /      1.00000 para rng(02)
Mensaje D / 00:00:00:100 / rng(2,4)(23) / ... para rng(02)
Mensaje Y / 00:00:00:100 / rng(2,5)(24) / out /      1.00000 para rng(02)
Mensaje D / 00:00:00:100 / rng(2,5)(24) / ... para rng(02)
Mensaje Y / 00:00:00:100 / rng(2,6)(25) / out /      1.00000 para rng(02)
Mensaje D / 00:00:00:100 / rng(2,6)(25) / ... para rng(02)
Mensaje Y / 00:00:00:100 / rng(2,7)(26) / out /      1.00000 para rng(02)
Mensaje D / 00:00:00:100 / rng(2,7)(26) / ... para rng(02)
Mensaje Y / 00:00:00:100 / rng(3,0)(27) / out /      1.00000 para rng(02)
Mensaje D / 00:00:00:100 / rng(3,0)(27) / ... para rng(02)
Mensaje Y / 00:00:00:100 / rng(3,1)(28) / out /      1.00000 para rng(02)
Mensaje D / 00:00:00:100 / rng(3,1)(28) / ... para rng(02)
Mensaje Y / 00:00:00:100 / rng(3,2)(29) / out /      1.00000 para rng(02)
Mensaje D / 00:00:00:100 / rng(3,2)(29) / ... para rng(02)
Mensaje Y / 00:00:00:100 / rng(3,3)(30) / out /      1.00000 para rng(02)
Mensaje D / 00:00:00:100 / rng(3,3)(30) / ... para rng(02)
Mensaje Y / 00:00:00:100 / rng(3,4)(31) / out /      1.00000 para rng(02)
Mensaje D / 00:00:00:100 / rng(3,4)(31) / ... para rng(02)
Mensaje Y / 00:00:00:100 / rng(3,5)(32) / out /      1.00000 para rng(02)
Mensaje D / 00:00:00:100 / rng(3,5)(32) / ... para rng(02)
Mensaje Y / 00:00:00:100 / rng(3,6)(33) / out /      1.00000 para rng(02)
Mensaje D / 00:00:00:100 / rng(3,6)(33) / ... para rng(02)
Mensaje Y / 00:00:00:100 / rng(3,7)(34) / out /      1.00000 para rng(02)
Mensaje D / 00:00:00:100 / rng(3,7)(34) / ... para rng(02)
Mensaje Y / 00:00:00:100 / rng(4,0)(35) / out /      1.00000 para rng(02)
Mensaje D / 00:00:00:100 / rng(4,0)(35) / ... para rng(02)
Mensaje Y / 00:00:00:100 / rng(4,1)(36) / out /      1.00000 para rng(02)
Mensaje D / 00:00:00:100 / rng(4,1)(36) / ... para rng(02)
Mensaje Y / 00:00:00:100 / rng(4,2)(37) / out /      1.00000 para rng(02)
Mensaje D / 00:00:00:100 / rng(4,2)(37) / ... para rng(02)
Mensaje Y / 00:00:00:100 / rng(4,3)(38) / out /      1.00000 para rng(02)
Mensaje D / 00:00:00:100 / rng(4,3)(38) / ... para rng(02)
Mensaje Y / 00:00:00:100 / rng(4,4)(39) / out /      1.00000 para rng(02)
Mensaje D / 00:00:00:100 / rng(4,4)(39) / ... para rng(02)
Mensaje Y / 00:00:00:100 / rng(4,5)(40) / out /      1.00000 para rng(02)
Mensaje D / 00:00:00:100 / rng(4,5)(40) / ... para rng(02)
Mensaje Y / 00:00:00:100 / rng(4,6)(41) / out /      1.00000 para rng(02)
Mensaje D / 00:00:00:100 / rng(4,6)(41) / ... para rng(02)
Mensaje Y / 00:00:00:100 / rng(4,7)(42) / out /      1.00000 para rng(02)
Mensaje D / 00:00:00:100 / rng(4,7)(42) / ... para rng(02)
Mensaje Y / 00:00:00:100 / rng(5,0)(43) / out /      1.00000 para rng(02)
Mensaje D / 00:00:00:100 / rng(5,0)(43) / ... para rng(02)
Mensaje Y / 00:00:00:100 / rng(5,1)(44) / out /      1.00000 para rng(02)
Mensaje D / 00:00:00:100 / rng(5,1)(44) / ... para rng(02)
Mensaje Y / 00:00:00:100 / rng(5,2)(45) / out /      1.00000 para rng(02)
Mensaje D / 00:00:00:100 / rng(5,2)(45) / ... para rng(02)
Mensaje Y / 00:00:00:100 / rng(5,3)(46) / out /      1.00000 para rng(02)
Mensaje D / 00:00:00:100 / rng(5,3)(46) / ... para rng(02)
Mensaje Y / 00:00:00:100 / rng(5,4)(47) / out /      1.00000 para rng(02)
Mensaje D / 00:00:00:100 / rng(5,4)(47) / ... para rng(02)
Mensaje Y / 00:00:00:100 / rng(5,5)(48) / out /      1.00000 para rng(02)
Mensaje D / 00:00:00:100 / rng(5,5)(48) / ... para rng(02)
Mensaje Y / 00:00:00:100 / rng(5,6)(49) / out /      1.00000 para rng(02)
Mensaje D / 00:00:00:100 / rng(5,6)(49) / ... para rng(02)
Mensaje Y / 00:00:00:100 / rng(5,7)(50) / out /      1.00000 para rng(02)
Mensaje D / 00:00:00:100 / rng(5,7)(50) / ... para rng(02)
Mensaje Y / 00:00:00:100 / rng(6,0)(51) / out /      1.00000 para rng(02)
Mensaje D / 00:00:00:100 / rng(6,0)(51) / ... para rng(02)
Mensaje Y / 00:00:00:100 / rng(6,1)(52) / out /      1.00000 para rng(02)
Mensaje D / 00:00:00:100 / rng(6,1)(52) / ... para rng(02)
Mensaje Y / 00:00:00:100 / rng(6,2)(53) / out /      1.00000 para rng(02)
Mensaje D / 00:00:00:100 / rng(6,2)(53) / ... para rng(02)
Mensaje Y / 00:00:00:100 / rng(6,3)(54) / out /      1.00000 para rng(02)
Mensaje D / 00:00:00:100 / rng(6,3)(54) / ... para rng(02)
Mensaje Y / 00:00:00:100 / rng(6,4)(55) / out /      1.00000 para rng(02)
Mensaje D / 00:00:00:100 / rng(6,4)(55) / ... para rng(02)
Mensaje Y / 00:00:00:100 / rng(6,5)(56) / out /      1.00000 para rng(02)
Mensaje D / 00:00:00:100 / rng(6,5)(56) / ... para rng(02)
Mensaje Y / 00:00:00:100 / rng(6,6)(57) / out /      1.00000 para rng(02)
Mensaje D / 00:00:00:100 / rng(6,6)(57) / ... para rng(02)
Mensaje Y / 00:00:00:100 / rng(6,7)(58) / out /      1.00000 para rng(02)
Mensaje D / 00:00:00:100 / rng(6,7)(58) / ... para rng(02)
Mensaje Y / 00:00:00:100 / rng(7,0)(59) / out /      1.00000 para rng(02)
Mensaje D / 00:00:00:100 / rng(7,0)(59) / ... para rng(02)
Mensaje Y / 00:00:00:100 / rng(7,1)(60) / out /      1.00000 para rng(02)
Mensaje D / 00:00:00:100 / rng(7,1)(60) / ... para rng(02)
Mensaje Y / 00:00:00:100 / rng(7,2)(61) / out /      1.00000 para rng(02)
Mensaje D / 00:00:00:100 / rng(7,2)(61) / ... para rng(02)
Mensaje Y / 00:00:00:100 / rng(7,4)(63) / out /      1.00000 para rng(02)
Mensaje D / 00:00:00:100 / rng(7,4)(63) / ... para rng(02)
Mensaje Y / 00:00:00:100 / rng(7,5)(64) / out /      1.00000 para rng(02)
Mensaje D / 00:00:00:100 / rng(7,5)(64) / ... para rng(02)
Mensaje Y / 00:00:00:100 / rng(7,6)(65) / out /      1.00000 para rng(02)
Mensaje D / 00:00:00:100 / rng(7,6)(65) / ... para rng(02)
Mensaje Y / 00:00:00:100 / rng(7,7)(66) / out /      1.00000 para rng(02)
Mensaje D / 00:00:00:100 / rng(7,7)(66) / ... para rng(02)
Mensaje X / 00:00:00:100 / rng(02) / neighborchange /      1.00000 para rng(0,0)(03)
Mensaje X / 00:00:00:100 / rng(02) / neighborchange /      1.00000 para rng(0,1)(04)
Mensaje X / 00:00:00:100 / rng(02) / neighborchange /      1.00000 para rng(0,7)(10)
Mensaje X / 00:00:00:100 / rng(02) / neighborchange /      1.00000 para rng(1,0)(11)
Mensaje X / 00:00:00:100 / rng(02) / neighborchange /      1.00000 para rng(7,0)(59)
Mensaje X / 00:00:00:100 / rng(02) / neighborchange /      1.00000 para rng(0,2)(05)
Mensaje X / 00:00:00:100 / rng(02) / neighborchange /      1.00000 para rng(1,1)(12)
Mensaje X / 00:00:00:100 / rng(02) / neighborchange /      1.00000 para rng(7,1)(60)
Mensaje X / 00:00:00:100 / rng(02) / neighborchange /      1.00000 para rng(0,4)(07)
Mensaje X / 00:00:00:100 / rng(02) / neighborchange /      1.00000 para rng(0,5)(08)
Mensaje X / 00:00:00:100 / rng(02) / neighborchange /      1.00000 para rng(0,6)(09)
Mensaje X / 00:00:00:100 / rng(02) / neighborchange /      1.00000 para rng(1,5)(16)
Mensaje X / 00:00:00:100 / rng(02) / neighborchange /      1.00000 para rng(7,5)(64)
Mensaje X / 00:00:00:100 / rng(02) / neighborchange /      1.00000 para rng(1,6)(17)
Mensaje X / 00:00:00:100 / rng(02) / neighborchange /      1.00000 para rng(7,6)(65)
Mensaje X / 00:00:00:100 / rng(02) / neighborchange /      1.00000 para rng(1,7)(18)
Mensaje X / 00:00:00:100 / rng(02) / neighborchange /      1.00000 para rng(7,7)(66)
Mensaje X / 00:00:00:100 / rng(02) / neighborchange /      1.00000 para rng(2,0)(19)
Mensaje X / 00:00:00:100 / rng(02) / neighborchange /      1.00000 para rng(1,2)(13)
Mensaje X / 00:00:00:100 / rng(02) / neighborchange /      1.00000 para rng(2,1)(20)
Mensaje X / 00:00:00:100 / rng(02) / neighborchange /      1.00000 para rng(1,3)(14)
Mensaje X / 00:00:00:100 / rng(02) / neighborchange /      1.00000 para rng(2,2)(21)
Mensaje X / 00:00:00:100 / rng(02) / neighborchange /      1.00000 para rng(1,4)(15)
Mensaje X / 00:00:00:100 / rng(02) / neighborchange /      1.00000 para rng(2,4)(23)
Mensaje X / 00:00:00:100 / rng(02) / neighborchange /      1.00000 para rng(2,5)(24)
Mensaje X / 00:00:00:100 / rng(02) / neighborchange /      1.00000 para rng(2,6)(25)
Mensaje X / 00:00:00:100 / rng(02) / neighborchange /      1.00000 para rng(2,7)(26)
Mensaje X / 00:00:00:100 / rng(02) / neighborchange /      1.00000 para rng(3,0)(27)
Mensaje X / 00:00:00:100 / rng(02) / neighborchange /      1.00000 para rng(3,1)(28)
Mensaje X / 00:00:00:100 / rng(02) / neighborchange /      1.00000 para rng(2,3)(22)
Mensaje X / 00:00:00:100 / rng(02) / neighborchange /      1.00000 para rng(3,2)(29)
Mensaje X / 00:00:00:100 / rng(02) / neighborchange /      1.00000 para rng(3,3)(30)
Mensaje X / 00:00:00:100 / rng(02) / neighborchange /      1.00000 para rng(3,4)(31)
Mensaje X / 00:00:00:100 / rng(02) / neighborchange /      1.00000 para rng(3,5)(32)
Mensaje X / 00:00:00:100 / rng(02) / neighborchange /      1.00000 para rng(3,6)(33)
Mensaje X / 00:00:00:100 / rng(02) / neighborchange /      1.00000 para rng(3,7)(34)
Mensaje X / 00:00:00:100 / rng(02) / neighborchange /      1.00000 para rng(4,0)(35)
Mensaje X / 00:00:00:100 / rng(02) / neighborchange /      1.00000 para rng(4,1)(36)
Mensaje X / 00:00:00:100 / rng(02) / neighborchange /      1.00000 para rng(4,2)(37)
Mensaje X / 00:00:00:100 / rng(02) / neighborchange /      1.00000 para rng(4,3)(38)
Mensaje X / 00:00:00:100 / rng(02) / neighborchange /      1.00000 para rng(4,4)(39)
Mensaje X / 00:00:00:100 / rng(02) / neighborchange /      1.00000 para rng(4,5)(40)
Mensaje X / 00:00:00:100 / rng(02) / neighborchange /      1.00000 para rng(4,6)(41)
Mensaje X / 00:00:00:100 / rng(02) / neighborchange /      1.00000 para rng(4,7)(42)
Mensaje X / 00:00:00:100 / rng(02) / neighborchange /      1.00000 para rng(5,0)(43)
Mensaje X / 00:00:00:100 / rng(02) / neighborchange /      1.00000 para rng(5,1)(44)
Mensaje X / 00:00:00:100 / rng(02) / neighborchange /      1.00000 para rng(5,2)(45)
Mensaje X / 00:00:00:100 / rng(02) / neighborchange /      1.00000 para rng(5,3)(46)
Mensaje X / 00:00:00:100 / rng(02) / neighborchange /      1.00000 para rng(5,4)(47)
Mensaje X / 00:00:00:100 / rng(02) / neighborchange /      1.00000 para rng(5,5)(48)
Mensaje X / 00:00:00:100 / rng(02) / neighborchange /      1.00000 para rng(5,6)(49)
Mensaje X / 00:00:00:100 / rng(02) / neighborchange /      1.00000 para rng(5,7)(50)
Mensaje X / 00:00:00:100 / rng(02) / neighborchange /      1.00000 para rng(6,0)(51)
Mensaje X / 00:00:00:100 / rng(02) / neighborchange /      1.00000 para rng(6,1)(52)
Mensaje X / 00:00:00:100 / rng(02) / neighborchange /      1.00000 para rng(6,2)(53)
Mensaje X / 00:00:00:100 / rng(02) / neighborchange /      1.00000 para rng(6,3)(54)
Mensaje X / 00:00:00:100 / rng(02) / neighborchange /      1.00000 para rng(6,4)(55)
Mensaje X / 00:00:00:100 / rng(02) / neighborchange /      1.00000 para rng(6,5)(56)
Mensaje X / 00:00:00:100 / rng(02) / neighborchange /      1.00000 para rng(6,6)(57)
Mensaje X / 00:00:00:100 / rng(02) / neighborchange /      1.00000 para rng(6,7)(58)
Mensaje X / 00:00:00:100 / rng(02) / neighborchange /      1.00000 para rng(7,2)(61)
Mensaje X / 00:00:00:100 / rng(02) / neighborchange /      1.00000 para rng(7,3)(62)
Mensaje X / 00:00:00:100 / rng(02) / neighborchange /      1.00000 para rng(7,4)(63)
Mensaje D / 00:00:00:100 / rng(0,0)(03) / ... para rng(02)
Mensaje D / 00:00:00:100 / rng(0,1)(04) / 00:00:00:100 para rng(02)
Mensaje D / 00:00:00:100 / rng(0,7)(10) / ... para rng(02)
Mensaje D / 00:00:00:100 / rng(1,0)(11) / ... para rng(02)
Mensaje D / 00:00:00:100 / rng(7,0)(59) / ... para rng(02)
Mensaje D / 00:00:00:100 / rng(0,2)(05) / 00:00:00:100 para rng(02)
Mensaje D / 00:00:00:100 / rng(1,1)(12) / ... para rng(02)
Mensaje D / 00:00:00:100 / rng(7,1)(60) / ... para rng(02)
Mensaje D / 00:00:00:100 / rng(0,4)(07) / 00:00:00:100 para rng(02)
Mensaje D / 00:00:00:100 / rng(0,5)(08) / 00:00:00:100 para rng(02)
Mensaje D / 00:00:00:100 / rng(0,6)(09) / ... para rng(02)
Mensaje D / 00:00:00:100 / rng(1,5)(16) / ... para rng(02)
Mensaje D / 00:00:00:100 / rng(7,5)(64) / ... para rng(02)
Mensaje D / 00:00:00:100 / rng(1,6)(17) / ... para rng(02)
Mensaje D / 00:00:00:100 / rng(7,6)(65) / ... para rng(02)
Mensaje D / 00:00:00:100 / rng(1,7)(18) / ... para rng(02)
Mensaje D / 00:00:00:100 / rng(7,7)(66) / ... para rng(02)
Mensaje D / 00:00:00:100 / rng(2,0)(19) / ... para rng(02)
Mensaje D / 00:00:00:100 / rng(1,2)(13) / ... para rng(02)
Mensaje D / 00:00:00:100 / rng(2,1)(20) / ... para rng(02)
Mensaje D / 00:00:00:100 / rng(1,3)(14) / 00:00:00:100 para rng(02)
Mensaje D / 00:00:00:100 / rng(2,2)(21) / ... para rng(02)
Mensaje D / 00:00:00:100 / rng(1,4)(15) / ... para rng(02)
Mensaje D / 00:00:00:100 / rng(2,4)(23) / ... para rng(02)
Mensaje D / 00:00:00:100 / rng(2,5)(24) / ... para rng(02)
Mensaje D / 00:00:00:100 / rng(2,6)(25) / ... para rng(02)
Mensaje D / 00:00:00:100 / rng(2,7)(26) / ... para rng(02)
Mensaje D / 00:00:00:100 / rng(3,0)(27) / ... para rng(02)
Mensaje D / 00:00:00:100 / rng(3,1)(28) / ... para rng(02)
Mensaje D / 00:00:00:100 / rng(2,3)(22) / 00:00:00:100 para rng(02)
Mensaje D / 00:00:00:100 / rng(3,2)(29) / ... para rng(02)
Mensaje D / 00:00:00:100 / rng(3,3)(30) / ... para rng(02)
Mensaje D / 00:00:00:100 / rng(3,4)(31) / ... para rng(02)
Mensaje D / 00:00:00:100 / rng(3,5)(32) / ... para rng(02)
Mensaje D / 00:00:00:100 / rng(3,6)(33) / ... para rng(02)
Mensaje D / 00:00:00:100 / rng(3,7)(34) / ... para rng(02)
Mensaje D / 00:00:00:100 / rng(4,0)(35) / ... para rng(02)
Mensaje D / 00:00:00:100 / rng(4,1)(36) / ... para rng(02)
Mensaje D / 00:00:00:100 / rng(4,2)(37) / ... para rng(02)
Mensaje D / 00:00:00:100 / rng(4,3)(38) / ... para rng(02)
Mensaje D / 00:00:00:100 / rng(4,4)(39) / ... para rng(02)
Mensaje D / 00:00:00:100 / rng(4,5)(40) / ... para rng(02)
Mensaje D / 00:00:00:100 / rng(4,6)(41) / ... para rng(02)
Mensaje D / 00:00:00:100 / rng(4,7)(42) / ... para rng(02)
Mensaje D / 00:00:00:100 / rng(5,0)(43) / ... para rng(02)
Mensaje D / 00:00:00:100 / rng(5,1)(44) / ... para rng(02)
Mensaje D / 00:00:00:100 / rng(5,2)(45) / ... para rng(02)
Mensaje D / 00:00:00:100 / rng(5,3)(46) / ... para rng(02)
Mensaje D / 00:00:00:100 / rng(5,4)(47) / ... para rng(02)
Mensaje D / 00:00:00:100 / rng(5,5)(48) / ... para rng(02)
Mensaje D / 00:00:00:100 / rng(5,6)(49) / ... para rng(02)
Mensaje D / 00:00:00:100 / rng(5,7)(50) / ... para rng(02)
Mensaje D / 00:00:00:100 / rng(6,0)(51) / ... para rng(02)
Mensaje D / 00:00:00:100 / rng(6,1)(52) / ... para rng(02)
Mensaje D / 00:00:00:100 / rng(6,2)(53) / ... para rng(02)
Mensaje D / 00:00:00:100 / rng(6,3)(54) / 00:00:00:100 para rng(02)
Mensaje D / 00:00:00:100 / rng(6,4)(55) / ... para rng(02)
Mensaje D / 00:00:00:100 / rng(6,5)(56) / ... para rng(02)
Mensaje D / 00:00:00:100 / rng(6,6)(57) / ... para rng(02)
Mensaje D / 00:00:00:100 / rng(6,7)(58) / ... para rng(02)
Mensaje D / 00:00:00:100 / rng(7,2)(61) / ... para rng(02)
Mensaje D / 00:00:00:100 / rng(7,3)(62) / 00:00:00:100 para rng(02)
Mensaje D / 00:00:00:100 / rng(7,4)(63) / ... para rng(02)
Mensaje D / 00:00:00:100 / rng(02) / 00:00:00:100 para top(01)
Mensaje D / 00:00:00:100 / top(01) / 00:00:00:100 para Root(00)
Mensaje * / 00:00:00:200 / Root(00) para top(01)
Mensaje * / 00:00:00:200 / top(01) para rng(02)
Mensaje * / 00:00:00:200 / rng(02) para rng(0,1)(04)
Mensaje * / 00:00:00:200 / rng(02) para rng(0,2)(05)
Mensaje * / 00:00:00:200 / rng(02) para rng(0,4)(07)
Mensaje * / 00:00:00:200 / rng(02) para rng(0,5)(08)
Mensaje * / 00:00:00:200 / rng(02) para rng(1,3)(14)
Mensaje * / 00:00:00:200 / rng(02) para rng(2,3)(22)
Mensaje * / 00:00:00:200 / rng(02) para rng(6,3)(54)
Mensaje * / 00:00:00:200 / rng(02) para rng(7,3)(62)
Mensaje Y / 00:00:00:200 / rng(0,1)(04) / out /      0.00000 para rng(02)
Mensaje D / 00:00:00:200 / rng(0,1)(04) / ... para rng(02)
Mensaje Y / 00:00:00:200 / rng(0,2)(05) / out /      1.00000 para rng(02)
Mensaje D / 00:00:00:200 / rng(0,2)(05) / ... para rng(02)
Mensaje Y / 00:00:00:200 / rng(0,4)(07) / out /      1.00000 para rng(02)
Mensaje D / 00:00:00:200 / rng(0,4)(07) / ... para rng(02)
Mensaje Y / 00:00:00:200 / rng(0,5)(08) / out /      0.00000 para rng(02)
Mensaje D / 00:00:00:200 / rng(0,5)(08) / ... para rng(02)
Mensaje Y / 00:00:00:200 / rng(1,3)(14) / out /      1.00000 para rng(02)
Mensaje D / 00:00:00:200 / rng(1,3)(14) / ... para rng(02)
Mensaje Y / 00:00:00:200 / rng(2,3)(22) / out /      0.00000 para rng(02)
Mensaje D / 00:00:00:200 / rng(2,3)(22) / ... para rng(02)
Mensaje Y / 00:00:00:200 / rng(6,3)(54) / out /      0.00000 para rng(02)
Mensaje D / 00:00:00:200 / rng(6,3)(54) / ... para rng(02)
Mensaje Y / 00:00:00:200 / rng(7,3)(62) / out /      1.00000 para rng(02)
Mensaje D / 00:00:00:200 / rng(7,3)(62) / ... para rng(02)
Mensaje X / 00:00:00:200 / rng(02) / neighborchange /      0.00000 para rng(0,0)(03)
Mensaje X / 00:00:00:200 / rng(02) / neighborchange /      0.00000 para rng(0,1)(04)
Mensaje X / 00:00:00:200 / rng(02) / neighborchange /      0.00000 para rng(0,2)(05)
Mensaje X / 00:00:00:200 / rng(02) / neighborchange /      0.00000 para rng(1,1)(12)
Mensaje X / 00:00:00:200 / rng(02) / neighborchange /      0.00000 para rng(7,1)(60)
Mensaje X / 00:00:00:200 / rng(02) / neighborchange /      1.00000 para rng(0,3)(06)
Mensaje X / 00:00:00:200 / rng(02) / neighborchange /      1.00000 para rng(1,2)(13)
Mensaje X / 00:00:00:200 / rng(02) / neighborchange /      1.00000 para rng(7,2)(61)
Mensaje X / 00:00:00:200 / rng(02) / neighborchange /      1.00000 para rng(0,4)(07)
Mensaje X / 00:00:00:200 / rng(02) / neighborchange /      1.00000 para rng(0,5)(08)
Mensaje X / 00:00:00:200 / rng(02) / neighborchange /      1.00000 para rng(1,4)(15)
Mensaje X / 00:00:00:200 / rng(02) / neighborchange /      1.00000 para rng(7,4)(63)
Mensaje X / 00:00:00:200 / rng(02) / neighborchange /      0.00000 para rng(0,6)(09)
Mensaje X / 00:00:00:200 / rng(02) / neighborchange /      0.00000 para rng(1,5)(16)
Mensaje X / 00:00:00:200 / rng(02) / neighborchange /      0.00000 para rng(7,5)(64)
Mensaje X / 00:00:00:200 / rng(02) / neighborchange /      1.00000 para rng(1,3)(14)
Mensaje X / 00:00:00:200 / rng(02) / neighborchange /      1.00000 para rng(2,3)(22)
Mensaje X / 00:00:00:200 / rng(02) / neighborchange /      0.00000 para rng(2,2)(21)
Mensaje X / 00:00:00:200 / rng(02) / neighborchange /      0.00000 para rng(2,4)(23)
Mensaje X / 00:00:00:200 / rng(02) / neighborchange /      0.00000 para rng(3,3)(30)
Mensaje X / 00:00:00:200 / rng(02) / neighborchange /      0.00000 para rng(5,3)(46)
Mensaje X / 00:00:00:200 / rng(02) / neighborchange /      0.00000 para rng(6,2)(53)
Mensaje X / 00:00:00:200 / rng(02) / neighborchange /      0.00000 para rng(6,3)(54)
Mensaje X / 00:00:00:200 / rng(02) / neighborchange /      0.00000 para rng(6,4)(55)
Mensaje X / 00:00:00:200 / rng(02) / neighborchange /      0.00000 para rng(7,3)(62)
Mensaje D / 00:00:00:200 / rng(0,0)(03) / 00:00:00:100 para rng(02)
Mensaje D / 00:00:00:200 / rng(0,1)(04) / 00:00:00:100 para rng(02)
Mensaje D / 00:00:00:200 / rng(0,2)(05) / 00:00:00:100 para rng(02)
Mensaje D / 00:00:00:200 / rng(1,1)(12) / 00:00:00:100 para rng(02)
Mensaje D / 00:00:00:200 / rng(7,1)(60) / 00:00:00:100 para rng(02)
Mensaje D / 00:00:00:200 / rng(0,3)(06) / ... para rng(02)
Mensaje D / 00:00:00:200 / rng(1,2)(13) / ... para rng(02)
Mensaje D / 00:00:00:200 / rng(7,2)(61) / ... para rng(02)
Mensaje D / 00:00:00:200 / rng(0,4)(07) / 00:00:00:100 para rng(02)
Mensaje D / 00:00:00:200 / rng(0,5)(08) / 00:00:00:100 para rng(02)
Mensaje D / 00:00:00:200 / rng(1,4)(15) / ... para rng(02)
Mensaje D / 00:00:00:200 / rng(7,4)(63) / ... para rng(02)
Mensaje D / 00:00:00:200 / rng(0,6)(09) / 00:00:00:100 para rng(02)
Mensaje D / 00:00:00:200 / rng(1,5)(16) / 00:00:00:100 para rng(02)
Mensaje D / 00:00:00:200 / rng(7,5)(64) / 00:00:00:100 para rng(02)
Mensaje D / 00:00:00:200 / rng(1,3)(14) / 00:00:00:100 para rng(02)
Mensaje D / 00:00:00:200 / rng(2,3)(22) / 00:00:00:100 para rng(02)
Mensaje D / 00:00:00:200 / rng(2,2)(21) / 00:00:00:100 para rng(02)
Mensaje D / 00:00:00:200 / rng(2,4)(23) / 00:00:00:100 para rng(02)
Mensaje D / 00:00:00:200 / rng(3,3)(30) / 00:00:00:100 para rng(02)
Mensaje D / 00:00:00:200 / rng(5,3)(46) / 00:00:00:100 para rng(02)
Mensaje D / 00:00:00:200 / rng(6,2)(53) / 00:00:00:100 para rng(02)
Mensaje D / 00:00:00:200 / rng(6,3)(54) / 00:00:00:100 para rng(02)
Mensaje D / 00:00:00:200 / rng(6,4)(55) / 00:00:00:100 para rng(02)
Mensaje D / 00:00:00:200 / rng(7,3)(62) / 00:00:00:100 para rng(02)
Mensaje D / 00:00:00:200 / rng(02) / 00:00:00:100 para top(01)
Mensaje D / 00:00:00:200 / top(01) / 00:00:00:100 para Root(00)
Mensaje * / 00:00:00:300 / Root(00) para top(01)
Mensaje * / 00:00:00:300 / top(01) para rng(02)
Mensaje * / 00:00:00:300 / rng(02) para rng(0,0)(03)
Mensaje * / 00:00:00:300 / rng(02) para rng(0,1)(04)
Mensaje * / 00:00:00:300 / rng(02) para rng(0,2)(05)
Mensaje * / 00:00:00:300 / rng(02) para rng(1,1)(12)
Mensaje * / 00:00:00:300 / rng(02) para rng(7,1)(60)
Mensaje * / 00:00:00:300 / rng(02) para rng(0,4)(07)
Mensaje * / 00:00:00:300 / rng(02) para rng(0,5)(08)
Mensaje * / 00:00:00:300 / rng(02) para rng(0,6)(09)
Mensaje * / 00:00:00:300 / rng(02) para rng(1,5)(16)
Mensaje * / 00:00:00:300 / rng(02) para rng(7,5)(64)
Mensaje * / 00:00:00:300 / rng(02) para rng(1,3)(14)
Mensaje * / 00:00:00:300 / rng(02) para rng(2,3)(22)
Mensaje * / 00:00:00:300 / rng(02) para rng(2,2)(21)
Mensaje * / 00:00:00:300 / rng(02) para rng(2,4)(23)
Mensaje * / 00:00:00:300 / rng(02) para rng(3,3)(30)
Mensaje * / 00:00:00:300 / rng(02) para rng(5,3)(46)
Mensaje * / 00:00:00:300 / rng(02) para rng(6,2)(53)
Mensaje * / 00:00:00:300 / rng(02) para rng(6,3)(54)
Mensaje * / 00:00:00:300 / rng(02) para rng(6,4)(55)
Mensaje * / 00:00:00:300 / rng(02) para rng(7,3)(62)
Mensaje Y / 00:00:00:300 / rng(0,0)(03) / out /      0.00000 para rng(02)
Mensaje D / 00:00:00:300 / rng(0,0)(03) / ... para rng(02)
Mensaje Y / 00:00:00:300 / rng(0,1)(04) / out /      1.00000 para rng(02)
Mensaje D / 00:00:00:300 / rng(0,1)(04) / ... para rng(02)
Mensaje Y / 00:00:00:300 / rng(0,2)(05) / out /      0.00000 para rng(02)
Mensaje D / 00:00:00:300 / rng(0,2)(05) / ... para rng(02)
Mensaje Y / 00:00:00:300 / rng(1,1)(12) / out /      0.00000 para rng(02)
Mensaje D / 00:00:00:300 / rng(1,1)(12) / ... para rng(02)
Mensaje Y / 00:00:00:300 / rng(7,1)(60) / out /      0.00000 para rng(02)
Mensaje D / 00:00:00:300 / rng(7,1)(60) / ... para rng(02)
Mensaje Y / 00:00:00:300 / rng(0,4)(07) / out /      0.00000 para rng(02)
Mensaje D / 00:00:00:300 / rng(0,4)(07) / ... para rng(02)
Mensaje Y / 00:00:00:300 / rng(0,5)(08) / out /      1.00000 para rng(02)
Mensaje D / 00:00:00:300 / rng(0,5)(08) / ... para rng(02)
Mensaje Y / 00:00:00:300 / rng(0,6)(09) / out /      0.00000 para rng(02)
Mensaje D / 00:00:00:300 / rng(0,6)(09) / ... para rng(02)
Mensaje Y / 00:00:00:300 / rng(1,5)(16) / out /      0.00000 para rng(02)
Mensaje D / 00:00:00:300 / rng(1,5)(16) / ... para rng(02)
Mensaje Y / 00:00:00:300 / rng(7,5)(64) / out /      0.00000 para rng(02)
Mensaje D / 00:00:00:300 / rng(7,5)(64) / ... para rng(02)
Mensaje Y / 00:00:00:300 / rng(1,3)(14) / out /      0.00000 para rng(02)
Mensaje D / 00:00:00:300 / rng(1,3)(14) / ... para rng(02)
Mensaje Y / 00:00:00:300 / rng(2,3)(22) / out /      1.00000 para rng(02)
Mensaje D / 00:00:00:300 / rng(2,3)(22) / ... para rng(02)
Mensaje Y / 00:00:00:300 / rng(2,2)(21) / out /      0.00000 para rng(02)
Mensaje D / 00:00:00:300 / rng(2,2)(21) / ... para rng(02)
Mensaje Y / 00:00:00:300 / rng(2,4)(23) / out /      0.00000 para rng(02)
Mensaje D / 00:00:00:300 / rng(2,4)(23) / ... para rng(02)
Mensaje Y / 00:00:00:300 / rng(3,3)(30) / out /      0.00000 para rng(02)
Mensaje D / 00:00:00:300 / rng(3,3)(30) / ... para rng(02)
Mensaje Y / 00:00:00:300 / rng(5,3)(46) / out /      0.00000 para rng(02)
Mensaje D / 00:00:00:300 / rng(5,3)(46) / ... para rng(02)
Mensaje Y / 00:00:00:300 / rng(6,2)(53) / out /      0.00000 para rng(02)
Mensaje D / 00:00:00:300 / rng(6,2)(53) / ... para rng(02)
Mensaje Y / 00:00:00:300 / rng(6,3)(54) / out /      1.00000 para rng(02)
Mensaje D / 00:00:00:300 / rng(6,3)(54) / ... para rng(02)
Mensaje Y / 00:00:00:300 / rng(6,4)(55) / out /      0.00000 para rng(02)
Mensaje D / 00:00:00:300 / rng(6,4)(55) / ... para rng(02)
Mensaje Y / 00:00:00:300 / rng(7,3)(62) / out /      0.00000 para rng(02)
Mensaje D / 00:00:00:300 / rng(7,3)(62) / ... para rng(02)
Mensaje X / 00:00:00:300 / rng(02) / neighborchange /      0.00000 para rng(0,0)(03)
Mensaje X / 00:00:00:300 / rng(02) / neighborchange /      0.00000 para rng(0,1)(04)
Mensaje X / 00:00:00:300 / rng(02) / neighborchange /      0.00000 para rng(0,7)(10)
Mensaje X / 00:00:00:300 / rng(02) / neighborchange /      0.00000 para rng(1,0)(11)
Mensaje X / 00:00:00:300 / rng(02) / neighborchange /      0.00000 para rng(7,0)(59)
Mensaje X / 00:00:00:300 / rng(02) / neighborchange /      1.00000 para rng(0,2)(05)
Mensaje X / 00:00:00:300 / rng(02) / neighborchange /      1.00000 para rng(1,1)(12)
Mensaje X / 00:00:00:300 / rng(02) / neighborchange /      1.00000 para rng(7,1)(60)
Mensaje X / 00:00:00:300 / rng(02) / neighborchange /      0.00000 para rng(0,3)(06)
Mensaje X / 00:00:00:300 / rng(02) / neighborchange /      0.00000 para rng(1,2)(13)
Mensaje X / 00:00:00:300 / rng(02) / neighborchange /      0.00000 para rng(7,2)(61)
Mensaje X / 00:00:00:300 / rng(02) / neighborchange /      0.00000 para rng(2,1)(20)
Mensaje X / 00:00:00:300 / rng(02) / neighborchange /      0.00000 para rng(6,1)(52)
Mensaje X / 00:00:00:300 / rng(02) / neighborchange /      0.00000 para rng(0,4)(07)
Mensaje X / 00:00:00:300 / rng(02) / neighborchange /      0.00000 para rng(0,5)(08)
Mensaje X / 00:00:00:300 / rng(02) / neighborchange /      0.00000 para rng(1,4)(15)
Mensaje X / 00:00:00:300 / rng(02) / neighborchange /      0.00000 para rng(7,4)(63)
Mensaje X / 00:00:00:300 / rng(02) / neighborchange /      1.00000 para rng(0,6)(09)
Mensaje X / 00:00:00:300 / rng(02) / neighborchange /      1.00000 para rng(1,5)(16)
Mensaje X / 00:00:00:300 / rng(02) / neighborchange /      1.00000 para rng(7,5)(64)
Mensaje X / 00:00:00:300 / rng(02) / neighborchange /      0.00000 para rng(1,6)(17)
Mensaje X / 00:00:00:300 / rng(02) / neighborchange /      0.00000 para rng(7,6)(65)
Mensaje X / 00:00:00:300 / rng(02) / neighborchange /      0.00000 para rng(2,5)(24)
Mensaje X / 00:00:00:300 / rng(02) / neighborchange /      0.00000 para rng(6,5)(56)
Mensaje X / 00:00:00:300 / rng(02) / neighborchange /      0.00000 para rng(1,3)(14)
Mensaje X / 00:00:00:300 / rng(02) / neighborchange /      0.00000 para rng(2,3)(22)
Mensaje X / 00:00:00:300 / rng(02) / neighborchange /      1.00000 para rng(2,2)(21)
Mensaje X / 00:00:00:300 / rng(02) / neighborchange /      1.00000 para rng(2,4)(23)
Mensaje X / 00:00:00:300 / rng(02) / neighborchange /      1.00000 para rng(3,3)(30)
Mensaje X / 00:00:00:300 / rng(02) / neighborchange /      0.00000 para rng(3,2)(29)
Mensaje X / 00:00:00:300 / rng(02) / neighborchange /      0.00000 para rng(3,4)(31)
Mensaje X / 00:00:00:300 / rng(02) / neighborchange /      0.00000 para rng(4,3)(38)
Mensaje X / 00:00:00:300 / rng(02) / neighborchange /      0.00000 para rng(5,2)(45)
Mensaje X / 00:00:00:300 / rng(02) / neighborchange /      0.00000 para rng(5,3)(46)
Mensaje X / 00:00:00:300 / rng(02) / neighborchange /      0.00000 para rng(5,4)(47)
Mensaje X / 00:00:00:300 / rng(02) / neighborchange /      0.00000 para rng(6,3)(54)
Mensaje X / 00:00:00:300 / rng(02) / neighborchange /      0.00000 para rng(6,2)(53)
Mensaje X / 00:00:00:300 / rng(02) / neighborchange /      1.00000 para rng(6,4)(55)
Mensaje X / 00:00:00:300 / rng(02) / neighborchange /      1.00000 para rng(7,3)(62)
Mensaje D / 00:00:00:300 / rng(0,0)(03) / 00:00:00:100 para rng(02)
Mensaje D / 00:00:00:300 / rng(0,1)(04) / ... para rng(02)
Mensaje D / 00:00:00:300 / rng(0,7)(10) / ... para rng(02)
Mensaje D / 00:00:00:300 / rng(1,0)(11) / ... para rng(02)
Mensaje D / 00:00:00:300 / rng(7,0)(59) / ... para rng(02)
Mensaje D / 00:00:00:300 / rng(0,2)(05) / 00:00:00:100 para rng(02)
Mensaje D / 00:00:00:300 / rng(1,1)(12) / 00:00:00:100 para rng(02)
Mensaje D / 00:00:00:300 / rng(7,1)(60) / 00:00:00:100 para rng(02)
Mensaje D / 00:00:00:300 / rng(0,3)(06) / ... para rng(02)
Mensaje D / 00:00:00:300 / rng(1,2)(13) / ... para rng(02)
Mensaje D / 00:00:00:300 / rng(7,2)(61) / ... para rng(02)
Mensaje D / 00:00:00:300 / rng(2,1)(20) / ... para rng(02)
Mensaje D / 00:00:00:300 / rng(6,1)(52) / ... para rng(02)
Mensaje D / 00:00:00:300 / rng(0,4)(07) / 00:00:00:100 para rng(02)
Mensaje D / 00:00:00:300 / rng(0,5)(08) / ... para rng(02)
Mensaje D / 00:00:00:300 / rng(1,4)(15) / ... para rng(02)
Mensaje D / 00:00:00:300 / rng(7,4)(63) / ... para rng(02)
Mensaje D / 00:00:00:300 / rng(0,6)(09) / 00:00:00:100 para rng(02)
Mensaje D / 00:00:00:300 / rng(1,5)(16) / 00:00:00:100 para rng(02)
Mensaje D / 00:00:00:300 / rng(7,5)(64) / 00:00:00:100 para rng(02)
Mensaje D / 00:00:00:300 / rng(1,6)(17) / ... para rng(02)
Mensaje D / 00:00:00:300 / rng(7,6)(65) / ... para rng(02)
Mensaje D / 00:00:00:300 / rng(2,5)(24) / ... para rng(02)
Mensaje D / 00:00:00:300 / rng(6,5)(56) / ... para rng(02)
Mensaje D / 00:00:00:300 / rng(1,3)(14) / 00:00:00:100 para rng(02)
Mensaje D / 00:00:00:300 / rng(2,3)(22) / ... para rng(02)
Mensaje D / 00:00:00:300 / rng(2,2)(21) / 00:00:00:100 para rng(02)
Mensaje D / 00:00:00:300 / rng(2,4)(23) / 00:00:00:100 para rng(02)
Mensaje D / 00:00:00:300 / rng(3,3)(30) / 00:00:00:100 para rng(02)
Mensaje D / 00:00:00:300 / rng(3,2)(29) / ... para rng(02)
Mensaje D / 00:00:00:300 / rng(3,4)(31) / ... para rng(02)
Mensaje D / 00:00:00:300 / rng(4,3)(38) / ... para rng(02)
Mensaje D / 00:00:00:300 / rng(5,2)(45) / ... para rng(02)
Mensaje D / 00:00:00:300 / rng(5,3)(46) / 00:00:00:100 para rng(02)
Mensaje D / 00:00:00:300 / rng(5,4)(47) / ... para rng(02)
Mensaje D / 00:00:00:300 / rng(6,3)(54) / ... para rng(02)
Mensaje D / 00:00:00:300 / rng(6,2)(53) / 00:00:00:100 para rng(02)
Mensaje D / 00:00:00:300 / rng(6,4)(55) / 00:00:00:100 para rng(02)
Mensaje D / 00:00:00:300 / rng(7,3)(62) / 00:00:00:100 para rng(02)
Mensaje D / 00:00:00:300 / rng(02) / 00:00:00:100 para top(01)
Mensaje D / 00:00:00:300 / top(01) / 00:00:00:100 para Root(00)
Mensaje * / 00:00:00:400 / Root(00) para top(01)
Mensaje * / 00:00:00:400 / top(01) para rng(02)
Mensaje * / 00:00:00:400 / rng(02) para rng(0,0)(03)
Mensaje * / 00:00:00:400 / rng(02) para rng(0,2)(05)
Mensaje * / 00:00:00:400 / rng(02) para rng(1,1)(12)
Mensaje * / 00:00:00:400 / rng(02) para rng(7,1)(60)
Mensaje * / 00:00:00:400 / rng(02) para rng(0,4)(07)
Mensaje * / 00:00:00:400 / rng(02) para rng(0,6)(09)
Mensaje * / 00:00:00:400 / rng(02) para rng(1,5)(16)
Mensaje * / 00:00:00:400 / rng(02) para rng(7,5)(64)
Mensaje * / 00:00:00:400 / rng(02) para rng(1,3)(14)
Mensaje * / 00:00:00:400 / rng(02) para rng(2,2)(21)
Mensaje * / 00:00:00:400 / rng(02) para rng(2,4)(23)
Mensaje * / 00:00:00:400 / rng(02) para rng(3,3)(30)
Mensaje * / 00:00:00:400 / rng(02) para rng(5,3)(46)
Mensaje * / 00:00:00:400 / rng(02) para rng(6,2)(53)
Mensaje * / 00:00:00:400 / rng(02) para rng(6,4)(55)
Mensaje * / 00:00:00:400 / rng(02) para rng(7,3)(62)
Mensaje Y / 00:00:00:400 / rng(0,0)(03) / out /      1.00000 para rng(02)
Mensaje D / 00:00:00:400 / rng(0,0)(03) / ... para rng(02)
Mensaje Y / 00:00:00:400 / rng(0,2)(05) / out /      1.00000 para rng(02)
Mensaje D / 00:00:00:400 / rng(0,2)(05) / ... para rng(02)
Mensaje Y / 00:00:00:400 / rng(1,1)(12) / out /      1.00000 para rng(02)
Mensaje D / 00:00:00:400 / rng(1,1)(12) / ... para rng(02)
Mensaje Y / 00:00:00:400 / rng(7,1)(60) / out /      1.00000 para rng(02)
Mensaje D / 00:00:00:400 / rng(7,1)(60) / ... para rng(02)
Mensaje Y / 00:00:00:400 / rng(0,4)(07) / out /      1.00000 para rng(02)
Mensaje D / 00:00:00:400 / rng(0,4)(07) / ... para rng(02)
Mensaje Y / 00:00:00:400 / rng(0,6)(09) / out /      1.00000 para rng(02)
Mensaje D / 00:00:00:400 / rng(0,6)(09) / ... para rng(02)
Mensaje Y / 00:00:00:400 / rng(1,5)(16) / out /      1.00000 para rng(02)
Mensaje D / 00:00:00:400 / rng(1,5)(16) / ... para rng(02)
Mensaje Y / 00:00:00:400 / rng(7,5)(64) / out /      1.00000 para rng(02)
Mensaje D / 00:00:00:400 / rng(7,5)(64) / ... para rng(02)
Mensaje Y / 00:00:00:400 / rng(1,3)(14) / out /      1.00000 para rng(02)
Mensaje D / 00:00:00:400 / rng(1,3)(14) / ... para rng(02)
Mensaje Y / 00:00:00:400 / rng(2,2)(21) / out /      1.00000 para rng(02)
Mensaje D / 00:00:00:400 / rng(2,2)(21) / ... para rng(02)
Mensaje Y / 00:00:00:400 / rng(2,4)(23) / out /      1.00000 para rng(02)
Mensaje D / 00:00:00:400 / rng(2,4)(23) / ... para rng(02)
Mensaje Y / 00:00:00:400 / rng(3,3)(30) / out /      1.00000 para rng(02)
Mensaje D / 00:00:00:400 / rng(3,3)(30) / ... para rng(02)
Mensaje Y / 00:00:00:400 / rng(5,3)(46) / out /      1.00000 para rng(02)
Mensaje D / 00:00:00:400 / rng(5,3)(46) / ... para rng(02)
Mensaje Y / 00:00:00:400 / rng(6,2)(53) / out /      1.00000 para rng(02)
Mensaje D / 00:00:00:400 / rng(6,2)(53) / ... para rng(02)
Mensaje Y / 00:00:00:400 / rng(6,4)(55) / out /      1.00000 para rng(02)
Mensaje D / 00:00:00:400 / rng(6,4)(55) / ... para rng(02)
Mensaje Y / 00:00:00:400 / rng(7,3)(62) / out /      1.00000 para rng(02)
Mensaje D / 00:00:00:400 / rng(7,3)(62) / ... para rng(02)
Mensaje X / 00:00:00:400 / rng(02) / neighborchange /      1.00000 para rng(0,0)(03)
Mensaje X / 00:00:00:400 / rng(02) / neighborchange /      1.00000 para rng(0,1)(04)
Mensaje X / 00:00:00:400 / rng(02) / neighborchange /      1.00000 para rng(0,7)(10)
Mensaje X / 00:00:00:400 / rng(02) / neighborchange /      1.00000 para rng(1,0)(11)
Mensaje X / 00:00:00:400 / rng(02) / neighborchange /      1.00000 para rng(7,0)(59)
Mensaje X / 00:00:00:400 / rng(02) / neighborchange /      1.00000 para rng(0,2)(05)
Mensaje X / 00:00:00:400 / rng(02) / neighborchange /      1.00000 para rng(0,3)(06)
Mensaje X / 00:00:00:400 / rng(02) / neighborchange /      1.00000 para rng(1,2)(13)
Mensaje X / 00:00:00:400 / rng(02) / neighborchange /      1.00000 para rng(7,2)(61)
Mensaje X / 00:00:00:400 / rng(02) / neighborchange /      1.00000 para rng(1,1)(12)
Mensaje X / 00:00:00:400 / rng(02) / neighborchange /      1.00000 para rng(2,1)(20)
Mensaje X / 00:00:00:400 / rng(02) / neighborchange /      1.00000 para rng(6,1)(52)
Mensaje X / 00:00:00:400 / rng(02) / neighborchange /      1.00000 para rng(7,1)(60)
Mensaje X / 00:00:00:400 / rng(02) / neighborchange /      1.00000 para rng(0,4)(07)
Mensaje X / 00:00:00:400 / rng(02) / neighborchange /      1.00000 para rng(0,5)(08)
Mensaje X / 00:00:00:400 / rng(02) / neighborchange /      1.00000 para rng(1,4)(15)
Mensaje X / 00:00:00:400 / rng(02) / neighborchange /      1.00000 para rng(7,4)(63)
Mensaje X / 00:00:00:400 / rng(02) / neighborchange /      1.00000 para rng(0,6)(09)
Mensaje X / 00:00:00:400 / rng(02) / neighborchange /      1.00000 para rng(1,6)(17)
Mensaje X / 00:00:00:400 / rng(02) / neighborchange /      1.00000 para rng(7,6)(65)
Mensaje X / 00:00:00:400 / rng(02) / neighborchange /      1.00000 para rng(1,5)(16)
Mensaje X / 00:00:00:400 / rng(02) / neighborchange /      1.00000 para rng(2,5)(24)
Mensaje X / 00:00:00:400 / rng(02) / neighborchange /      1.00000 para rng(6,5)(56)
Mensaje X / 00:00:00:400 / rng(02) / neighborchange /      1.00000 para rng(7,5)(64)
Mensaje X / 00:00:00:400 / rng(02) / neighborchange /      1.00000 para rng(1,3)(14)
Mensaje X / 00:00:00:400 / rng(02) / neighborchange /      1.00000 para rng(2,3)(22)
Mensaje X / 00:00:00:400 / rng(02) / neighborchange /      1.00000 para rng(2,2)(21)
Mensaje X / 00:00:00:400 / rng(02) / neighborchange /      1.00000 para rng(3,2)(29)
Mensaje X / 00:00:00:400 / rng(02) / neighborchange /      1.00000 para rng(2,4)(23)
Mensaje X / 00:00:00:400 / rng(02) / neighborchange /      1.00000 para rng(3,4)(31)
Mensaje X / 00:00:00:400 / rng(02) / neighborchange /      1.00000 para rng(3,3)(30)
Mensaje X / 00:00:00:400 / rng(02) / neighborchange /      1.00000 para rng(4,3)(38)
Mensaje X / 00:00:00:400 / rng(02) / neighborchange /      1.00000 para rng(5,2)(45)
Mensaje X / 00:00:00:400 / rng(02) / neighborchange /      1.00000 para rng(5,3)(46)
Mensaje X / 00:00:00:400 / rng(02) / neighborchange /      1.00000 para rng(5,4)(47)
Mensaje X / 00:00:00:400 / rng(02) / neighborchange /      1.00000 para rng(6,3)(54)
Mensaje X / 00:00:00:400 / rng(02) / neighborchange /      1.00000 para rng(6,2)(53)
Mensaje X / 00:00:00:400 / rng(02) / neighborchange /      1.00000 para rng(6,4)(55)
Mensaje X / 00:00:00:400 / rng(02) / neighborchange /      1.00000 para rng(7,3)(62)
Mensaje D / 00:00:00:400 / rng(0,0)(03) / ... para rng(02)
Mensaje D / 00:00:00:400 / rng(0,1)(04) / ... para rng(02)
Mensaje D / 00:00:00:400 / rng(0,7)(10) / ... para rng(02)
Mensaje D / 00:00:00:400 / rng(1,0)(11) / ... para rng(02)
Mensaje D / 00:00:00:400 / rng(7,0)(59) / ... para rng(02)
Mensaje D / 00:00:00:400 / rng(0,2)(05) / ... para rng(02)
Mensaje D / 00:00:00:400 / rng(0,3)(06) / ... para rng(02)
Mensaje D / 00:00:00:400 / rng(1,2)(13) / ... para rng(02)
Mensaje D / 00:00:00:400 / rng(7,2)(61) / ... para rng(02)
Mensaje D / 00:00:00:400 / rng(1,1)(12) / ... para rng(02)
Mensaje D / 00:00:00:400 / rng(2,1)(20) / ... para rng(02)
Mensaje D / 00:00:00:400 / rng(6,1)(52) / ... para rng(02)
Mensaje D / 00:00:00:400 / rng(7,1)(60) / ... para rng(02)
Mensaje D / 00:00:00:400 / rng(0,4)(07) / ... para rng(02)
Mensaje D / 00:00:00:400 / rng(0,5)(08) / ... para rng(02)
Mensaje D / 00:00:00:400 / rng(1,4)(15) / ... para rng(02)
Mensaje D / 00:00:00:400 / rng(7,4)(63) / ... para rng(02)
Mensaje D / 00:00:00:400 / rng(0,6)(09) / ... para rng(02)
Mensaje D / 00:00:00:400 / rng(1,6)(17) / ... para rng(02)
Mensaje D / 00:00:00:400 / rng(7,6)(65) / ... para rng(02)
Mensaje D / 00:00:00:400 / rng(1,5)(16) / ... para rng(02)
Mensaje D / 00:00:00:400 / rng(2,5)(24) / ... para rng(02)
Mensaje D / 00:00:00:400 / rng(6,5)(56) / ... para rng(02)
Mensaje D / 00:00:00:400 / rng(7,5)(64) / ... para rng(02)
Mensaje D / 00:00:00:400 / rng(1,3)(14) / ... para rng(02)
Mensaje D / 00:00:00:400 / rng(2,3)(22) / ... para rng(02)
Mensaje D / 00:00:00:400 / rng(2,2)(21) / ... para rng(02)
Mensaje D / 00:00:00:400 / rng(3,2)(29) / ... para rng(02)
Mensaje D / 00:00:00:400 / rng(2,4)(23) / ... para rng(02)
Mensaje D / 00:00:00:400 / rng(3,4)(31) / ... para rng(02)
Mensaje D / 00:00:00:400 / rng(3,3)(30) / ... para rng(02)
Mensaje D / 00:00:00:400 / rng(4,3)(38) / ... para rng(02)
Mensaje D / 00:00:00:400 / rng(5,2)(45) / ... para rng(02)
Mensaje D / 00:00:00:400 / rng(5,3)(46) / ... para rng(02)
Mensaje D / 00:00:00:400 / rng(5,4)(47) / ... para rng(02)
Mensaje D / 00:00:00:400 / rng(6,3)(54) / ... para rng(02)
Mensaje D / 00:00:00:400 / rng(6,2)(53) / ... para rng(02)
Mensaje D / 00:00:00:400 / rng(6,4)(55) / ... para rng(02)
Mensaje D / 00:00:00:400 / rng(7,3)(62) / ... para rng(02)
Mensaje D / 00:00:00:400 / rng(02) / ... para top(01)
Mensaje D / 00:00:00:400 / top(01) / ... para Root(00)
